<?xml version="1.0" encoding="UTF-8"?>
<!-- Generated by org.testng.reporters.JUnitReportReporter -->
<testsuite skipped="0" hostname="DESKTOP-143431I" name="basicAnnotations.TestNGClass3" tests="1" failures="0" timestamp="12 Jun 2019 16:01:55 GMT" time="0.000" errors="0">
  <testcase name="test3" time="0.000" classname="basicAnnotations.TestNGClass3"/>
</testsuite> <!-- basicAnnotations.TestNGClass3 -->
