<?xml version="1.0" encoding="UTF-8"?>
<!-- Generated by org.testng.reporters.JUnitReportReporter -->
<testsuite skipped="0" hostname="DESKTOP-143431I" name="basicSelenium.LaunchBrowser" tests="1" failures="0" timestamp="17 Jun 2019 15:43:03 GMT" time="25.114" errors="0">
  <testcase name="login" time="25.114" classname="basicSelenium.LaunchBrowser"/>
</testsuite> <!-- basicSelenium.LaunchBrowser -->
