<?xml version="1.0" encoding="UTF-8"?>
<!-- Generated by org.testng.reporters.JUnitReportReporter -->
<testsuite skipped="0" hostname="DESKTOP-143431I" name="basicSelenium.SeleniumClass2" tests="1" failures="0" timestamp="17 Jun 2019 16:07:47 GMT" time="31.843" errors="0">
  <testcase name="login" time="31.843" classname="basicSelenium.SeleniumClass2"/>
</testsuite> <!-- basicSelenium.SeleniumClass2 -->
