<?xml version="1.0" encoding="UTF-8"?>
<!-- Generated by org.testng.reporters.JUnitReportReporter -->
<testsuite skipped="0" hostname="DESKTOP-143431I" name="basicSelenium.SeleniumClass3" tests="1" failures="0" timestamp="19 Jun 2019 14:33:00 GMT" time="17.876" errors="0">
  <testcase name="test" time="17.876" classname="basicSelenium.SeleniumClass3"/>
</testsuite> <!-- basicSelenium.SeleniumClass3 -->
