<?xml version="1.0" encoding="UTF-8"?>
<!-- Generated by org.testng.reporters.JUnitReportReporter -->
<testsuite skipped="0" hostname="DESKTOP-143431I" name="basicAnnotations.TestNGClass2" tests="4" failures="0" timestamp="12 Jun 2019 15:56:27 GMT" time="0.000" errors="0">
  <testcase name="est2" time="0.000" classname="basicAnnotations.TestNGClass2"/>
  <testcase name="test1" time="0.000" classname="basicAnnotations.TestNGClass2"/>
  <testcase name="est2" time="0.000" classname="basicAnnotations.TestNGClass2"/>
  <testcase name="test1" time="0.000" classname="basicAnnotations.TestNGClass2"/>
</testsuite> <!-- basicAnnotations.TestNGClass2 -->
