<?xml version="1.0" encoding="UTF-8"?>
<!-- Generated by org.testng.reporters.JUnitReportReporter -->
<testsuite skipped="0" hostname="DESKTOP-143431I" name="basicAnnotations.TestNGClass4" tests="10" failures="0" timestamp="13 Jun 2019 04:08:18 GMT" time="0.084" errors="0">
  <testcase name="test" time="0.009" classname="basicAnnotations.TestNGClass4"/>
  <testcase name="test" time="0.017" classname="basicAnnotations.TestNGClass4"/>
  <testcase name="test" time="0.013" classname="basicAnnotations.TestNGClass4"/>
  <testcase name="test" time="0.009" classname="basicAnnotations.TestNGClass4"/>
  <testcase name="test" time="0.006" classname="basicAnnotations.TestNGClass4"/>
  <testcase name="test" time="0.008" classname="basicAnnotations.TestNGClass4"/>
  <testcase name="test" time="0.006" classname="basicAnnotations.TestNGClass4"/>
  <testcase name="test" time="0.003" classname="basicAnnotations.TestNGClass4"/>
  <testcase name="test" time="0.004" classname="basicAnnotations.TestNGClass4"/>
  <testcase name="test" time="0.009" classname="basicAnnotations.TestNGClass4"/>
</testsuite> <!-- basicAnnotations.TestNGClass4 -->
