<?xml version="1.0" encoding="UTF-8"?>
<!-- Generated by org.testng.reporters.JUnitReportReporter -->
<testsuite skipped="0" hostname="DESKTOP-143431I" name="testScripts.TC_Login" tests="1" failures="0" timestamp="01 Jul 2019 14:16:01 GMT" time="40.068" errors="0">
  <testcase name="script" time="40.068" classname="testScripts.TC_Login"/>
</testsuite> <!-- testScripts.TC_Login -->
